TN:
SF:src\trabalho01Turma02.js
FN:2,(anonymous_0)
FN:8,(anonymous_1)
FN:13,(anonymous_2)
FN:14,(anonymous_3)
FN:17,(anonymous_4)
FN:18,(anonymous_5)
FN:21,(anonymous_6)
FN:22,(anonymous_7)
FN:26,(anonymous_8)
FN:31,(anonymous_9)
FN:36,(anonymous_10)
FN:37,(anonymous_11)
FN:40,(anonymous_12)
FN:41,(anonymous_13)
FN:44,(anonymous_14)
FN:48,(anonymous_15)
FN:59,(anonymous_16)
FN:69,(anonymous_17)
FN:70,(anonymous_18)
FN:73,(anonymous_19)
FN:74,(anonymous_20)
FN:77,(anonymous_21)
FN:81,(anonymous_22)
FN:85,(anonymous_23)
FN:86,(anonymous_24)
FN:89,(anonymous_25)
FN:90,(anonymous_26)
FN:93,(anonymous_27)
FN:100,(anonymous_28)
FN:101,(anonymous_29)
FNF:30
FNH:19
FNDA:6,(anonymous_0)
FNDA:7,(anonymous_1)
FNDA:1,(anonymous_2)
FNDA:1,(anonymous_3)
FNDA:6,(anonymous_4)
FNDA:6,(anonymous_5)
FNDA:0,(anonymous_6)
FNDA:0,(anonymous_7)
FNDA:2,(anonymous_8)
FNDA:2,(anonymous_9)
FNDA:0,(anonymous_10)
FNDA:0,(anonymous_11)
FNDA:1,(anonymous_12)
FNDA:1,(anonymous_13)
FNDA:0,(anonymous_14)
FNDA:1,(anonymous_15)
FNDA:1,(anonymous_16)
FNDA:0,(anonymous_17)
FNDA:0,(anonymous_18)
FNDA:0,(anonymous_19)
FNDA:0,(anonymous_20)
FNDA:1,(anonymous_21)
FNDA:1,(anonymous_22)
FNDA:1,(anonymous_23)
FNDA:2,(anonymous_24)
FNDA:1,(anonymous_25)
FNDA:2,(anonymous_26)
FNDA:1,(anonymous_27)
FNDA:0,(anonymous_28)
FNDA:0,(anonymous_29)
DA:3,6
DA:4,6
DA:9,7
DA:14,1
DA:18,6
DA:22,0
DA:27,2
DA:32,2
DA:37,0
DA:41,1
DA:45,0
DA:49,1
DA:50,1
DA:51,1
DA:52,1
DA:53,1
DA:54,1
DA:56,0
DA:60,1
DA:61,1
DA:62,1
DA:63,1
DA:64,1
DA:66,0
DA:70,0
DA:74,0
DA:78,1
DA:82,1
DA:86,2
DA:90,2
DA:94,1
DA:95,1
DA:96,1
DA:101,0
DA:105,1
LF:35
LH:27
BRDA:51,0,0,1
BRDA:51,0,1,0
BRDA:51,1,0,1
BRDA:51,1,1,1
BRDA:51,1,2,1
BRDA:61,2,0,1
BRDA:61,2,1,0
BRDA:61,3,0,1
BRDA:61,3,1,1
BRDA:95,4,0,1
BRDA:95,4,1,0
BRF:11
BRH:8
end_of_record
